Initial Win CP for (console input, console output, system): (CP949, CP949, CP949)
I changed them all to CP949
Rc files read:
  NONE
Latexmk: This is Latexmk, John Collins, 15 June 2025. Version 4.87.
No existing .aux file, so I'll make a simple one, and require run of *latex.
Latexmk: applying rule 'xelatex'...
Rule 'xelatex':  Reasons for rerun
Category 'other':
  Rerun of 'xelatex' forced or previously required:
    Reason or flag: 'Initial setup'

------------
Run number 1 of rule 'xelatex'
------------
------------
Running 'xelatex -no-pdf -synctex=1 -interaction=batchmode -file-line-error -shell-escape -recorder  "math-econ.tex"'
------------
This is XeTeX, Version 3.141592653-2.6-0.999997 (TeX Live 2025) (preloaded format=xelatex)
 \write18 enabled.
entering extended mode

SyncTeX written on math-econ.synctex.gz.
Latexmk: Getting log file 'math-econ.log'
Latexmk: Examining 'math-econ.fls'
Latexmk: Examining 'math-econ.log'
Latexmk: References changed.
Latexmk: References changed.
Latexmk: Log file says output to 'math-econ.xdv'
Latexmk: Using bibtex to make bibliography file(s).
Latexmk: applying rule 'xelatex'...
Rule 'xelatex':  Reasons for rerun
Changed files or newly in use/created:
  math-econ-index.aux
  math-econ-linear-algebra-basic.aux
  math-econ-linear-algebra-special.aux
  math-econ.aux
  math-econ.out

------------
Run number 2 of rule 'xelatex'
------------
------------
Running 'xelatex -no-pdf -synctex=1 -interaction=batchmode -file-line-error -shell-escape -recorder  "math-econ.tex"'
------------
This is XeTeX, Version 3.141592653-2.6-0.999997 (TeX Live 2025) (preloaded format=xelatex)
 \write18 enabled.
entering extended mode

SyncTeX written on math-econ.synctex.gz.
Latexmk: Getting log file 'math-econ.log'
Latexmk: Examining 'math-econ.fls'
Latexmk: Examining 'math-econ.log'
Latexmk: Log file says output to 'math-econ.xdv'
Latexmk: Using bibtex to make bibliography file(s).
Latexmk: applying rule 'xdvipdfmx'...
Rule 'xdvipdfmx':  Reasons for rerun
Changed files or newly in use/created:
  math-econ.xdv
Category 'changed_source_rules':
  xelatex
Category 'no_dest':
  xdvipdfmx

------------
Run number 1 of rule 'xdvipdfmx'
------------
------------
Running 'xdvipdfmx -E -o "math-econ.pdf"  "math-econ.xdv"'
------------
math-econ.xdv -> math-econ.pdf
[1][2][3][4][5][6][7][8][9][10][11][12][13][14][15][16][17][18][19][20][21][22][23][24][25][26][27][28][29]
248344 bytes written
Latexmk: Errors, in force_mode: so I tried finishing targets
Collected error summary (may duplicate other messages):
  xelatex: Command for 'xelatex' gave return code 1
      Refer to 'math-econ.log' and/or above output for details

...\zzz_k\AppData\Roaming\TinyTeX\bin\windows\runscript.tlu:933: command failed with exit code 12:
perl.exe c:\Users\zzz_k\AppData\Roaming\TinyTeX\texmf-dist\scripts\latexmk\latexmk.pl -f -xelatex -synctex=1 -interaction=batchmode -file-line-error -latexoption="-shell-escape" math-econ.tex 
